Using pre-set license
Built from '2022.3/staging' branch; Version is '2022.3.17f1 (4fc78088f837) revision 5228416'; Using compiler version '192829333'; Build Type 'Release'
OS: 'Windows 11  (10.0.22631) 64bit CoreSingleLanguage' Language: 'pt' Physical Memory: 15720 MB
BatchMode: 1, IsHumanControllingUs: 0, StartBugReporterOnCrash: 0, Is64bit: 1, IsPro: 1

COMMAND LINE ARGUMENTS:
C:\Program Files\Unity\Hub\Editor\2022.3.17f1\Editor\Unity.exe
-adb2
-batchMode
-noUpm
-name
AssetImportWorker1
-projectPath
C:/Users/gusta/OneDrive/Documentos/GitHub/ProceduralWorld/ProceduralWorld
-logFile
Logs/AssetImportWorker1.log
-srvPort
53388
Successfully changed project path to: C:/Users/gusta/OneDrive/Documentos/GitHub/ProceduralWorld/ProceduralWorld
C:/Users/gusta/OneDrive/Documentos/GitHub/ProceduralWorld/ProceduralWorld
[UnityMemory] Configuration Parameters - Can be set up in boot.config
    "memorysetup-bucket-allocator-granularity=16"
    "memorysetup-bucket-allocator-bucket-count=8"
    "memorysetup-bucket-allocator-block-size=33554432"
    "memorysetup-bucket-allocator-block-count=8"
    "memorysetup-main-allocator-block-size=16777216"
    "memorysetup-thread-allocator-block-size=16777216"
    "memorysetup-gfx-main-allocator-block-size=16777216"
    "memorysetup-gfx-thread-allocator-block-size=16777216"
    "memorysetup-cache-allocator-block-size=4194304"
    "memorysetup-typetree-allocator-block-size=2097152"
    "memorysetup-profiler-bucket-allocator-granularity=16"
    "memorysetup-profiler-bucket-allocator-bucket-count=8"
    "memorysetup-profiler-bucket-allocator-block-size=33554432"
    "memorysetup-profiler-bucket-allocator-block-count=8"
    "memorysetup-profiler-allocator-block-size=16777216"
    "memorysetup-profiler-editor-allocator-block-size=1048576"
    "memorysetup-temp-allocator-size-main=16777216"
    "memorysetup-job-temp-allocator-block-size=2097152"
    "memorysetup-job-temp-allocator-block-size-background=1048576"
    "memorysetup-job-temp-allocator-reduction-small-platforms=262144"
    "memorysetup-allocator-temp-initial-block-size-main=262144"
    "memorysetup-allocator-temp-initial-block-size-worker=262144"
    "memorysetup-temp-allocator-size-background-worker=32768"
    "memorysetup-temp-allocator-size-job-worker=262144"
    "memorysetup-temp-allocator-size-preload-manager=33554432"
    "memorysetup-temp-allocator-size-nav-mesh-worker=65536"
    "memorysetup-temp-allocator-size-audio-worker=65536"
    "memorysetup-temp-allocator-size-cloud-worker=32768"
    "memorysetup-temp-allocator-size-gi-baking-worker=262144"
    "memorysetup-temp-allocator-size-gfx=262144"
Player connection [18204] Host "[IP] 192.168.1.188 [Port] 0 [Flags] 2 [Guid] 1496714477 [EditorId] 1496714477 [Version] 1048832 [Id] WindowsEditor(7,Gustavo) [Debug] 1 [PackageName] WindowsEditor [ProjectName] Editor" joined multi-casting on [225.0.0.222:54997]...

Player connection [18204] Host "[IP] 192.168.1.188 [Port] 0 [Flags] 2 [Guid] 1496714477 [EditorId] 1496714477 [Version] 1048832 [Id] WindowsEditor(7,Gustavo) [Debug] 1 [PackageName] WindowsEditor [ProjectName] Editor" joined alternative multi-casting on [225.0.0.222:34997]...

[Physics::Module] Initialized MultithreadedJobDispatcher with 15 workers.
Refreshing native plugins compatible for Editor in 1737.85 ms, found 3 plugins.
Preloading 0 native plugins for Editor in 0.00 ms.
Initialize engine version: 2022.3.17f1 (4fc78088f837)
[Subsystems] Discovering subsystems at path C:/Program Files/Unity/Hub/Editor/2022.3.17f1/Editor/Data/Resources/UnitySubsystems
[Subsystems] Discovering subsystems at path C:/Users/gusta/OneDrive/Documentos/GitHub/ProceduralWorld/ProceduralWorld/Assets
GfxDevice: creating device client; threaded=0; jobified=0
Direct3D:
    Version:  Direct3D 11.0 [level 11.1]
    Renderer: NVIDIA GeForce RTX 3060 Laptop GPU (ID=0x2560)
    Vendor:   NVIDIA
    VRAM:     6010 MB
    Driver:   31.0.15.4680
Initialize mono
Mono path[0] = 'C:/Program Files/Unity/Hub/Editor/2022.3.17f1/Editor/Data/Managed'
Mono path[1] = 'C:/Program Files/Unity/Hub/Editor/2022.3.17f1/Editor/Data/MonoBleedingEdge/lib/mono/unityjit-win32'
Mono config path = 'C:/Program Files/Unity/Hub/Editor/2022.3.17f1/Editor/Data/MonoBleedingEdge/etc'
Using monoOptions --debugger-agent=transport=dt_socket,embedding=1,server=y,suspend=n,address=127.0.0.1:56928
Begin MonoManager ReloadAssembly
Registering precompiled unity dll's ...
Register platform support module: C:/Program Files/Unity/Hub/Editor/2022.3.17f1/Editor/Data/PlaybackEngines/AndroidPlayer/UnityEditor.Android.Extensions.dll
Register platform support module: C:/Program Files/Unity/Hub/Editor/2022.3.17f1/Editor/Data/PlaybackEngines/WindowsStandaloneSupport/UnityEditor.WindowsStandalone.Extensions.dll
Registered in 0.307147 seconds.
- Loaded All Assemblies, in  6.479 seconds
Native extension for WindowsStandalone target not found
Native extension for Android target not found
Android Extension - Scanning For ADB Devices 310 ms
Mono: successfully reloaded assembly
- Finished resetting the current domain, in  0.792 seconds
Domain Reload Profiling: 7269ms
	BeginReloadAssembly (4935ms)
		ExecutionOrderSort (0ms)
		DisableScriptedObjects (0ms)
		BackupInstance (0ms)
		ReleaseScriptingObjects (0ms)
		CreateAndSetChildDomain (1ms)
	RebuildCommonClasses (403ms)
	RebuildNativeTypeToScriptingClass (9ms)
	initialDomainReloadingComplete (361ms)
	LoadAllAssembliesAndSetupDomain (768ms)
		LoadAssemblies (4930ms)
		RebuildTransferFunctionScriptingTraits (0ms)
		AnalyzeDomain (765ms)
			TypeCache.Refresh (764ms)
				TypeCache.ScanAssembly (752ms)
			ScanForSourceGeneratedMonoScriptInfo (0ms)
			ResolveRequiredComponents (0ms)
	FinalizeReload (792ms)
		ReleaseScriptCaches (0ms)
		RebuildScriptCaches (0ms)
		SetupLoadedEditorAssemblies (736ms)
			LogAssemblyErrors (0ms)
			InitializePlatformSupportModulesInManaged (554ms)
			SetLoadedEditorAssemblies (3ms)
			RefreshPlugins (0ms)
			BeforeProcessingInitializeOnLoad (2ms)
			ProcessInitializeOnLoadAttributes (120ms)
			ProcessInitializeOnLoadMethodAttributes (56ms)
			AfterProcessingInitializeOnLoad (0ms)
			EditorAssembliesLoaded (0ms)
		ExecutionOrderSort2 (0ms)
		AwakeInstancesAfterBackupRestoration (0ms)
========================================================================
Worker process is ready to serve import requests
Begin MonoManager ReloadAssembly
- Loaded All Assemblies, in  6.645 seconds
Refreshing native plugins compatible for Editor in 6.07 ms, found 3 plugins.
Native extension for WindowsStandalone target not found
Native extension for Android target not found
Package Manager log level set to [2]
[Package Manager] Server::EnsureServerProcessIsRunning -- launch failed, reason: Unity was launched with the -noUpm command-line argument
[Package Manager] UpmClient::Send -- Unable to send message (not connected to UPM process).
[Package Manager] Cannot connect to Unity Package Manager local server
Mono: successfully reloaded assembly
- Finished resetting the current domain, in  1.070 seconds
Domain Reload Profiling: 7709ms
	BeginReloadAssembly (148ms)
		ExecutionOrderSort (0ms)
		DisableScriptedObjects (5ms)
		BackupInstance (0ms)
		ReleaseScriptingObjects (0ms)
		CreateAndSetChildDomain (24ms)
	RebuildCommonClasses (36ms)
	RebuildNativeTypeToScriptingClass (17ms)
	initialDomainReloadingComplete (45ms)
	LoadAllAssembliesAndSetupDomain (6393ms)
		LoadAssemblies (5818ms)
		RebuildTransferFunctionScriptingTraits (0ms)
		AnalyzeDomain (663ms)
			TypeCache.Refresh (634ms)
				TypeCache.ScanAssembly (577ms)
			ScanForSourceGeneratedMonoScriptInfo (18ms)
			ResolveRequiredComponents (9ms)
	FinalizeReload (1071ms)
		ReleaseScriptCaches (0ms)
		RebuildScriptCaches (0ms)
		SetupLoadedEditorAssemblies (918ms)
			LogAssemblyErrors (0ms)
			InitializePlatformSupportModulesInManaged (25ms)
			SetLoadedEditorAssemblies (2ms)
			RefreshPlugins (0ms)
			BeforeProcessingInitializeOnLoad (72ms)
			ProcessInitializeOnLoadAttributes (746ms)
			ProcessInitializeOnLoadMethodAttributes (65ms)
			AfterProcessingInitializeOnLoad (9ms)
			EditorAssembliesLoaded (0ms)
		ExecutionOrderSort2 (0ms)
		AwakeInstancesAfterBackupRestoration (6ms)
Launched and connected shader compiler UnityShaderCompiler.exe after 0.08 seconds
Refreshing native plugins compatible for Editor in 8.40 ms, found 3 plugins.
Preloading 0 native plugins for Editor in 0.00 ms.
Unloading 4936 Unused Serialized files (Serialized files now loaded: 0)
Unloading 75 unused Assets / (0.8 MB). Loaded Objects now: 5390.
Memory consumption went from 208.2 MB to 207.4 MB.
Total: 3.870800 ms (FindLiveObjects: 0.412100 ms CreateObjectMapping: 0.179400 ms MarkObjects: 2.907400 ms  DeleteObjects: 0.371200 ms)

AssetImportParameters requested are different than current active one (requested -> active):
  custom:container-demuxer-ogg: 62fdf1f143b41e24485cea50d1cbac27 -> 
  custom:video-codec-MediaFoundation-h265: 746d11721c4dcdbdad8f713fa42b33f4 -> 
  custom:video-decoder-ogg-theora: a1e56fd34408186e4bbccfd4996cb3dc -> 
  custom:framework-win-MediaFoundation: 216162199b28c13a410421893ffa2e32 -> 
  custom:CustomObjectIndexerAttribute: 62b5816608c3102f162a1797e29626cf -> 
  custom:container-demuxer-webm: 4f35f7cbe854078d1ac9338744f61a02 -> 
  custom:container-muxer-webm: aa71ff27fc2769a1b78a27578f13a17b -> 
  custom:video-decoder-webm-vp8: 9c59270c3fd7afecdb556c50c9e8de78 -> 
  custom:SearchIndexIgnoredProperties: e643bd26f0fe6173181afceb89e7c659 -> 
  custom:AudioImporter_EditorPlatform: d09bf68614088b80899f8185d706f6e7 -> 
  custom:video-encoder-webm-vp8: eb34c28f22e8b96e1ab97ce403110664 -> 
  custom:audio-decoder-ogg-vorbis: bf7c407c2cedff20999df2af8eb42d56 -> 
  custom:audio-encoder-webm-vorbis: bf7c407c2cedff20999df2af8eb42d56 -> 
========================================================================
Received Import Request.
  Time since last request: 361046.585253 seconds.
  path: Assets/polygonTrees/polygonTrees/models/modelsWithLods/dryTree/dryPurpleTreeL/naturalMaterial/TreeMaterialN.mat
  artifactKey: Guid(db3955146b41883be840d3a96cfbb47c) Importer(815301076,1909f56bfc062723c751e8b465ee728b)
Start importing Assets/polygonTrees/polygonTrees/models/modelsWithLods/dryTree/dryPurpleTreeL/naturalMaterial/TreeMaterialN.mat using Guid(db3955146b41883be840d3a96cfbb47c) Importer(815301076,1909f56bfc062723c751e8b465ee728b)  -> (artifact id: '6d53c19a86d57afa525ad3b60d7c720e') in 0.331198 seconds
Number of updated asset objects reloaded before import = 0
Number of asset objects unloaded after import = 3
========================================================================
Received Import Request.
  Time since last request: 0.000045 seconds.
  path: Assets/polygonTrees/polygonTrees/models/modelsWithLods/shrub/bigLeavesShrubsL/bigLeavesShrubsL.fbx
  artifactKey: Guid(25049212967bf44f895b6ce16b15451e) Importer(815301076,1909f56bfc062723c751e8b465ee728b)
Start importing Assets/polygonTrees/polygonTrees/models/modelsWithLods/shrub/bigLeavesShrubsL/bigLeavesShrubsL.fbx using Guid(25049212967bf44f895b6ce16b15451e) Importer(815301076,1909f56bfc062723c751e8b465ee728b)  -> (artifact id: '037d40023620500781633a94dcdf0875') in 0.245210 seconds
Number of updated asset objects reloaded before import = 0
Number of asset objects unloaded after import = 22
========================================================================
Received Import Request.
  Time since last request: 0.000022 seconds.
  path: Assets/polygonTrees/polygonTrees/models/modelsWithLods/rocks/redRockL/editableMaterial/redRockMaterial.mat
  artifactKey: Guid(e4ee752362cb3d8d0ac25e778d15eb1f) Importer(815301076,1909f56bfc062723c751e8b465ee728b)
Start importing Assets/polygonTrees/polygonTrees/models/modelsWithLods/rocks/redRockL/editableMaterial/redRockMaterial.mat using Guid(e4ee752362cb3d8d0ac25e778d15eb1f) Importer(815301076,1909f56bfc062723c751e8b465ee728b)  -> (artifact id: 'bf7a11d4f761ef122e3badb908e45f4b') in 0.023983 seconds
Number of updated asset objects reloaded before import = 0
Number of asset objects unloaded after import = 2
========================================================================
Received Import Request.
  Time since last request: 0.000034 seconds.
  path: Assets/polygonTrees/polygonTrees/models/modelsWithLods/rocks/redRockL/naturalMaterial/redRockMaterial 1.mat
  artifactKey: Guid(a2524aebb7f27083e910b7e85f58bf9c) Importer(815301076,1909f56bfc062723c751e8b465ee728b)
Start importing Assets/polygonTrees/polygonTrees/models/modelsWithLods/rocks/redRockL/naturalMaterial/redRockMaterial 1.mat using Guid(a2524aebb7f27083e910b7e85f58bf9c) Importer(815301076,1909f56bfc062723c751e8b465ee728b)  -> (artifact id: '4118347345e537db09931fe730f96bc0') in 0.017909 seconds
Number of updated asset objects reloaded before import = 0
Number of asset objects unloaded after import = 2
========================================================================
Received Import Request.
  Time since last request: 8.062229 seconds.
  path: Assets/polygonTrees/polygonTrees/models/modelsWithLods/trees/bigLeavesTreeL/editableMaterial/leavesMaterial.mat
  artifactKey: Guid(78f9e0ec6a9743a77bf450464d67635e) Importer(815301076,1909f56bfc062723c751e8b465ee728b)
Start importing Assets/polygonTrees/polygonTrees/models/modelsWithLods/trees/bigLeavesTreeL/editableMaterial/leavesMaterial.mat using Guid(78f9e0ec6a9743a77bf450464d67635e) Importer(815301076,1909f56bfc062723c751e8b465ee728b)  -> (artifact id: 'ee1a252ef4034fb8812ba1a062ab3aee') in 0.007424 seconds
Number of updated asset objects reloaded before import = 0
Number of asset objects unloaded after import = 2
========================================================================
Received Import Request.
  Time since last request: 0.006907 seconds.
  path: Assets/polygonTrees/polygonTrees/models/modelsWithLods/trees/bigLeavesTreeL/naturalMaterial/TreeMaterialN.mat
  artifactKey: Guid(8f0469bed386380c389e81b3b4a96d0b) Importer(815301076,1909f56bfc062723c751e8b465ee728b)
Start importing Assets/polygonTrees/polygonTrees/models/modelsWithLods/trees/bigLeavesTreeL/naturalMaterial/TreeMaterialN.mat using Guid(8f0469bed386380c389e81b3b4a96d0b) Importer(815301076,1909f56bfc062723c751e8b465ee728b)  -> (artifact id: '2d26ec19249e1bc73f118cf60b92ecb5') in 0.007290 seconds
Number of updated asset objects reloaded before import = 0
Number of asset objects unloaded after import = 2
========================================================================
Received Import Request.
  Time since last request: 0.006220 seconds.
  path: Assets/polygonTrees/polygonTrees/models/modelsWithLods/trees/fallenBranchesTreeL/naturalMaterial/leavesMaterialN.mat
  artifactKey: Guid(115695ce8660a52e6a403be8a4d0d42e) Importer(815301076,1909f56bfc062723c751e8b465ee728b)
Start importing Assets/polygonTrees/polygonTrees/models/modelsWithLods/trees/fallenBranchesTreeL/naturalMaterial/leavesMaterialN.mat using Guid(115695ce8660a52e6a403be8a4d0d42e) Importer(815301076,1909f56bfc062723c751e8b465ee728b)  -> (artifact id: '5bc0c3a584fd86c5f71f49939db0368d') in 0.041229 seconds
Number of updated asset objects reloaded before import = 0
Number of asset objects unloaded after import = 2
========================================================================
Received Import Request.
  Time since last request: 0.024622 seconds.
  path: Assets/polygonTrees/polygonTrees/models/modelsWithLods/trees/simpleTreeL/editableMaterial/leavesMaterial.mat
  artifactKey: Guid(3b5bbcc20d9826da486c70501e12f767) Importer(815301076,1909f56bfc062723c751e8b465ee728b)
Start importing Assets/polygonTrees/polygonTrees/models/modelsWithLods/trees/simpleTreeL/editableMaterial/leavesMaterial.mat using Guid(3b5bbcc20d9826da486c70501e12f767) Importer(815301076,1909f56bfc062723c751e8b465ee728b)  -> (artifact id: '594c14c333543e2b8933cdc44a7a9229') in 0.007289 seconds
Number of updated asset objects reloaded before import = 0
Number of asset objects unloaded after import = 2
========================================================================
Received Import Request.
  Time since last request: 0.006530 seconds.
  path: Assets/polygonTrees/polygonTrees/models/modelsWithLods/trees/simpleTreeL/naturalMaterial/treeMaterial.mat
  artifactKey: Guid(49db3077d77aa4fe6b4f1a881bb627ef) Importer(815301076,1909f56bfc062723c751e8b465ee728b)
Start importing Assets/polygonTrees/polygonTrees/models/modelsWithLods/trees/simpleTreeL/naturalMaterial/treeMaterial.mat using Guid(49db3077d77aa4fe6b4f1a881bb627ef) Importer(815301076,1909f56bfc062723c751e8b465ee728b)  -> (artifact id: 'e70d8ae6a59a1281cd0a154b6db5fec2') in 0.008655 seconds
Number of updated asset objects reloaded before import = 0
Number of asset objects unloaded after import = 2
========================================================================
Received Import Request.
  Time since last request: 0.005854 seconds.
  path: Assets/polygonTrees/polygonTrees/models/modelsWithLods/trees/tree1L/naturalMaterial/leavesMaterialN.mat
  artifactKey: Guid(1428c6eedc13472b8aa5035bf1e6596d) Importer(815301076,1909f56bfc062723c751e8b465ee728b)
Start importing Assets/polygonTrees/polygonTrees/models/modelsWithLods/trees/tree1L/naturalMaterial/leavesMaterialN.mat using Guid(1428c6eedc13472b8aa5035bf1e6596d) Importer(815301076,1909f56bfc062723c751e8b465ee728b)  -> (artifact id: 'ab02b248622c4676174bd1ead1414def') in 0.008935 seconds
Number of updated asset objects reloaded before import = 0
Number of asset objects unloaded after import = 2
========================================================================
Received Import Request.
  Time since last request: 0.011291 seconds.
  path: Assets/polygonTrees/polygonTrees/models/rocks/rock/editableMAterial/rockMaterial.mat
  artifactKey: Guid(006deb79e4e515a6faa3c01b735fd1c2) Importer(815301076,1909f56bfc062723c751e8b465ee728b)
Start importing Assets/polygonTrees/polygonTrees/models/rocks/rock/editableMAterial/rockMaterial.mat using Guid(006deb79e4e515a6faa3c01b735fd1c2) Importer(815301076,1909f56bfc062723c751e8b465ee728b)  -> (artifact id: 'efde409551475a9a080d6e11d66ac4c8') in 0.007498 seconds
Number of updated asset objects reloaded before import = 0
Number of asset objects unloaded after import = 2
========================================================================
Received Import Request.
  Time since last request: 0.007330 seconds.
  path: Assets/polygonTrees/polygonTrees/models/shrubs/littleLeavesShrub/editableMaterials/leavesMaterial.mat
  artifactKey: Guid(6cb491792e4b7313ea930d107eda703f) Importer(815301076,1909f56bfc062723c751e8b465ee728b)
Start importing Assets/polygonTrees/polygonTrees/models/shrubs/littleLeavesShrub/editableMaterials/leavesMaterial.mat using Guid(6cb491792e4b7313ea930d107eda703f) Importer(815301076,1909f56bfc062723c751e8b465ee728b)  -> (artifact id: '1df5b9c969aa6383c9bed1b1973da2c4') in 0.007634 seconds
Number of updated asset objects reloaded before import = 0
Number of asset objects unloaded after import = 2
========================================================================
Received Import Request.
  Time since last request: 0.005838 seconds.
  path: Assets/polygonTrees/polygonTrees/models/shrubs/shrub/editableMaterials/shrubMaterial.mat
  artifactKey: Guid(841528ee7fc39b544960d9bb24d93fa8) Importer(815301076,1909f56bfc062723c751e8b465ee728b)
Start importing Assets/polygonTrees/polygonTrees/models/shrubs/shrub/editableMaterials/shrubMaterial.mat using Guid(841528ee7fc39b544960d9bb24d93fa8) Importer(815301076,1909f56bfc062723c751e8b465ee728b)  -> (artifact id: '27cc7e10dcdbf32434ad1ec63ee82686') in 0.007282 seconds
Number of updated asset objects reloaded before import = 0
Number of asset objects unloaded after import = 2
========================================================================
Received Import Request.
  Time since last request: 0.006575 seconds.
  path: Assets/polygonTrees/polygonTrees/models/trees/deadTrees/dryPurpleTree/editableMaterial/TreeMaterial.mat
  artifactKey: Guid(2428aed87f019d05ebc4d3231d92cb02) Importer(815301076,1909f56bfc062723c751e8b465ee728b)
Start importing Assets/polygonTrees/polygonTrees/models/trees/deadTrees/dryPurpleTree/editableMaterial/TreeMaterial.mat using Guid(2428aed87f019d05ebc4d3231d92cb02) Importer(815301076,1909f56bfc062723c751e8b465ee728b)  -> (artifact id: '4c3a5cdf0f0f276cb290393ffb12bb55') in 0.007831 seconds
Number of updated asset objects reloaded before import = 0
Number of asset objects unloaded after import = 2
========================================================================
Received Import Request.
  Time since last request: 0.057804 seconds.
  path: Assets/polygonTrees/polygonTrees/models/trees/trees/fallenBranchesTree/editableMaterial/leavesMaterial.mat
  artifactKey: Guid(d661de310ea73c73983ff36ce0cdb5fd) Importer(815301076,1909f56bfc062723c751e8b465ee728b)
Start importing Assets/polygonTrees/polygonTrees/models/trees/trees/fallenBranchesTree/editableMaterial/leavesMaterial.mat using Guid(d661de310ea73c73983ff36ce0cdb5fd) Importer(815301076,1909f56bfc062723c751e8b465ee728b)  -> (artifact id: 'dd55e349ca1c26161c9146b29d902081') in 0.007480 seconds
Number of updated asset objects reloaded before import = 0
Number of asset objects unloaded after import = 2
========================================================================
Received Import Request.
  Time since last request: 0.006980 seconds.
  path: Assets/polygonTrees/polygonTrees/models/trees/trees/purpleTree/editableMaterials/TreeMaterial.mat
  artifactKey: Guid(2758adbd444112e50b61e512c46c0fd0) Importer(815301076,1909f56bfc062723c751e8b465ee728b)
Start importing Assets/polygonTrees/polygonTrees/models/trees/trees/purpleTree/editableMaterials/TreeMaterial.mat using Guid(2758adbd444112e50b61e512c46c0fd0) Importer(815301076,1909f56bfc062723c751e8b465ee728b)  -> (artifact id: '7d5e03e101330bef892106002277deb1') in 0.007391 seconds
Number of updated asset objects reloaded before import = 0
Number of asset objects unloaded after import = 2
========================================================================
Received Import Request.
  Time since last request: 0.006595 seconds.
  path: Assets/polygonTrees/polygonTrees/models/trees/trees/tree/editableMaterial/leavesMaterial.mat
  artifactKey: Guid(4c49aba04159a6ecd8d206938ba20811) Importer(815301076,1909f56bfc062723c751e8b465ee728b)
Start importing Assets/polygonTrees/polygonTrees/models/trees/trees/tree/editableMaterial/leavesMaterial.mat using Guid(4c49aba04159a6ecd8d206938ba20811) Importer(815301076,1909f56bfc062723c751e8b465ee728b)  -> (artifact id: '7ed693fe2c34941bdbd2d8b4ead3623d') in 0.007847 seconds
Number of updated asset objects reloaded before import = 0
Number of asset objects unloaded after import = 2
========================================================================
Received Import Request.
  Time since last request: 197.896096 seconds.
  path: Assets/polygonTrees/polygonTrees/models/modelsWithLods/dryTree/dryFallenBranchesTreeL/dryFallenBranchesTreeL.fbx
  artifactKey: Guid(32ca72b26de1247099fee9eec612563e) Importer(815301076,1909f56bfc062723c751e8b465ee728b)
Start importing Assets/polygonTrees/polygonTrees/models/modelsWithLods/dryTree/dryFallenBranchesTreeL/dryFallenBranchesTreeL.fbx using Guid(32ca72b26de1247099fee9eec612563e) Importer(815301076,1909f56bfc062723c751e8b465ee728b)  -> (artifact id: '36e528c13c054fd4607f00925640c407') in 0.138358 seconds
Number of updated asset objects reloaded before import = 0
Number of asset objects unloaded after import = 21
========================================================================
Received Import Request.
  Time since last request: 15.259548 seconds.
  path: Assets/polygonTrees/polygonTrees/models/modelsWithLods/dryTree/dryTreeL/dryTreeL.fbx
  artifactKey: Guid(b9546b094c50fa41dbc980187ffd9fa7) Importer(815301076,1909f56bfc062723c751e8b465ee728b)
Start importing Assets/polygonTrees/polygonTrees/models/modelsWithLods/dryTree/dryTreeL/dryTreeL.fbx using Guid(b9546b094c50fa41dbc980187ffd9fa7) Importer(815301076,1909f56bfc062723c751e8b465ee728b)  -> (artifact id: 'e5afed4ddb914885ddfd5569e569a84f') in 0.080648 seconds
Number of updated asset objects reloaded before import = 0
Number of asset objects unloaded after import = 21
========================================================================
Received Import Request.
  Time since last request: 0.000024 seconds.
  path: Assets/polygonTrees/polygonTrees/models/modelsWithLods/grass/grassL/grassL.fbx
  artifactKey: Guid(ee60ac5bc0bdd34f18a231aede46f681) Importer(815301076,1909f56bfc062723c751e8b465ee728b)
Start importing Assets/polygonTrees/polygonTrees/models/modelsWithLods/grass/grassL/grassL.fbx using Guid(ee60ac5bc0bdd34f18a231aede46f681) Importer(815301076,1909f56bfc062723c751e8b465ee728b)  -> (artifact id: '4ff0c0f3a8a86c9e24ae256c2df2d052') in 0.094116 seconds
Number of updated asset objects reloaded before import = 0
Number of asset objects unloaded after import = 21
========================================================================
Received Import Request.
  Time since last request: 0.000031 seconds.
  path: Assets/polygonTrees/polygonTrees/models/modelsWithLods/shrub/shrubL/shrubL.fbx
  artifactKey: Guid(6b56d34470e9c7a05aae3a7434a4e989) Importer(815301076,1909f56bfc062723c751e8b465ee728b)
Start importing Assets/polygonTrees/polygonTrees/models/modelsWithLods/shrub/shrubL/shrubL.fbx using Guid(6b56d34470e9c7a05aae3a7434a4e989) Importer(815301076,1909f56bfc062723c751e8b465ee728b)  -> (artifact id: '70f1da03551210a6e1f0c4a274e9cf03') in 0.071029 seconds
Number of updated asset objects reloaded before import = 0
Number of asset objects unloaded after import = 22
========================================================================
Received Import Request.
  Time since last request: 0.000021 seconds.
  path: Assets/polygonTrees/polygonTrees/models/modelsWithLods/shrub/littleLeavesShrubL/littleLeavesShrubL.fbx
  artifactKey: Guid(e16b41a8acca9630a87bc28289a86bb6) Importer(815301076,1909f56bfc062723c751e8b465ee728b)
Start importing Assets/polygonTrees/polygonTrees/models/modelsWithLods/shrub/littleLeavesShrubL/littleLeavesShrubL.fbx using Guid(e16b41a8acca9630a87bc28289a86bb6) Importer(815301076,1909f56bfc062723c751e8b465ee728b)  -> (artifact id: '872703c7ea2b2314ea3af3010594604d') in 0.101271 seconds
Number of updated asset objects reloaded before import = 0
Number of asset objects unloaded after import = 22
========================================================================
Received Import Request.
  Time since last request: 0.000028 seconds.
  path: Assets/polygonTrees/polygonTrees/models/modelsWithLods/trees/bigLeavesTreeL/bigLeavesTreeL.fbx
  artifactKey: Guid(e5defcd771ea6ccb18c54c540bfbcfdd) Importer(815301076,1909f56bfc062723c751e8b465ee728b)
Start importing Assets/polygonTrees/polygonTrees/models/modelsWithLods/trees/bigLeavesTreeL/bigLeavesTreeL.fbx using Guid(e5defcd771ea6ccb18c54c540bfbcfdd) Importer(815301076,1909f56bfc062723c751e8b465ee728b)  -> (artifact id: '43473bd1c2eecc60f7596bb1edd2536f') in 0.085578 seconds
Number of updated asset objects reloaded before import = 0
Number of asset objects unloaded after import = 22
========================================================================
Received Import Request.
  Time since last request: 7.542500 seconds.
  path: Assets/polygonTrees/polygonTrees/models/rocks/blackRock/blackRock.fbx
  artifactKey: Guid(3409899a9e78caa6191f715ddafe62cd) Importer(815301076,1909f56bfc062723c751e8b465ee728b)
Start importing Assets/polygonTrees/polygonTrees/models/rocks/blackRock/blackRock.fbx using Guid(3409899a9e78caa6191f715ddafe62cd) Importer(815301076,1909f56bfc062723c751e8b465ee728b)  -> (artifact id: '96da2bd69c3220168ce6d0ef457bbf61') in 0.031137 seconds
Number of updated asset objects reloaded before import = 0
Number of asset objects unloaded after import = 9
========================================================================
Received Import Request.
  Time since last request: 0.060562 seconds.
  path: Assets/polygonTrees/polygonTrees/models/shrubs/shrub/shrub.fbx
  artifactKey: Guid(c79fabe36f46308ce9812c017552943f) Importer(815301076,1909f56bfc062723c751e8b465ee728b)
Start importing Assets/polygonTrees/polygonTrees/models/shrubs/shrub/shrub.fbx using Guid(c79fabe36f46308ce9812c017552943f) Importer(815301076,1909f56bfc062723c751e8b465ee728b)  -> (artifact id: 'ef22cbd477f024a01b045c9b4920955b') in 0.031701 seconds
Number of updated asset objects reloaded before import = 0
Number of asset objects unloaded after import = 10
========================================================================
Received Import Request.
  Time since last request: 0.012815 seconds.
  path: Assets/polygonTrees/polygonTrees/models/trees/deadTrees/dryPurpleTree/dryPurpleTree.fbx
  artifactKey: Guid(00c001c81e8fa802e90ffe6b2b99a8c0) Importer(815301076,1909f56bfc062723c751e8b465ee728b)
Start importing Assets/polygonTrees/polygonTrees/models/trees/deadTrees/dryPurpleTree/dryPurpleTree.fbx using Guid(00c001c81e8fa802e90ffe6b2b99a8c0) Importer(815301076,1909f56bfc062723c751e8b465ee728b)  -> (artifact id: 'b09bd82a13b5c9e8d76ea1b66d624fda') in 0.037490 seconds
Number of updated asset objects reloaded before import = 0
Number of asset objects unloaded after import = 9
========================================================================
Received Import Request.
  Time since last request: 0.369059 seconds.
  path: Assets/polygonTrees/polygonTrees/models/trees/trees/purpleTree/purpleTree.fbx
  artifactKey: Guid(dab065333028e7dbc8bdea91c6e0e797) Importer(815301076,1909f56bfc062723c751e8b465ee728b)
Start importing Assets/polygonTrees/polygonTrees/models/trees/trees/purpleTree/purpleTree.fbx using Guid(dab065333028e7dbc8bdea91c6e0e797) Importer(815301076,1909f56bfc062723c751e8b465ee728b)  -> (artifact id: 'b8b94f08706f16e8a32bf32080ee93c8') in 0.041302 seconds
Number of updated asset objects reloaded before import = 0
Number of asset objects unloaded after import = 10
Editor requested this worker to shutdown with reason: Scaling down because of idle timeout
TcpMessagingSession - receive error: operation aborted. errorcode: 995, details: A operação de E/S foi anulada devido a uma saída de thread ou a uma requisição de aplicativo.
AssetImportWorker is now disconnected from the server
Process exiting
Exiting without the bug reporter. Application will terminate with return code 0