Using pre-set license
Built from '2022.3/staging' branch; Version is '2022.3.17f1 (4fc78088f837) revision 5228416'; Using compiler version '192829333'; Build Type 'Release'
OS: 'Windows 11  (10.0.22631) 64bit CoreSingleLanguage' Language: 'pt' Physical Memory: 15720 MB
BatchMode: 1, IsHumanControllingUs: 0, StartBugReporterOnCrash: 0, Is64bit: 1, IsPro: 1

COMMAND LINE ARGUMENTS:
C:\Program Files\Unity\Hub\Editor\2022.3.17f1\Editor\Unity.exe
-adb2
-batchMode
-noUpm
-name
AssetImportWorker2
-projectPath
C:/Users/gusta/OneDrive/Documentos/GitHub/ProceduralWorld/ProceduralWorld
-logFile
Logs/AssetImportWorker2.log
-srvPort
53388
Successfully changed project path to: C:/Users/gusta/OneDrive/Documentos/GitHub/ProceduralWorld/ProceduralWorld
C:/Users/gusta/OneDrive/Documentos/GitHub/ProceduralWorld/ProceduralWorld
[UnityMemory] Configuration Parameters - Can be set up in boot.config
    "memorysetup-bucket-allocator-granularity=16"
    "memorysetup-bucket-allocator-bucket-count=8"
    "memorysetup-bucket-allocator-block-size=33554432"
    "memorysetup-bucket-allocator-block-count=8"
    "memorysetup-main-allocator-block-size=16777216"
    "memorysetup-thread-allocator-block-size=16777216"
    "memorysetup-gfx-main-allocator-block-size=16777216"
    "memorysetup-gfx-thread-allocator-block-size=16777216"
    "memorysetup-cache-allocator-block-size=4194304"
    "memorysetup-typetree-allocator-block-size=2097152"
    "memorysetup-profiler-bucket-allocator-granularity=16"
    "memorysetup-profiler-bucket-allocator-bucket-count=8"
    "memorysetup-profiler-bucket-allocator-block-size=33554432"
    "memorysetup-profiler-bucket-allocator-block-count=8"
    "memorysetup-profiler-allocator-block-size=16777216"
    "memorysetup-profiler-editor-allocator-block-size=1048576"
    "memorysetup-temp-allocator-size-main=16777216"
    "memorysetup-job-temp-allocator-block-size=2097152"
    "memorysetup-job-temp-allocator-block-size-background=1048576"
    "memorysetup-job-temp-allocator-reduction-small-platforms=262144"
    "memorysetup-allocator-temp-initial-block-size-main=262144"
    "memorysetup-allocator-temp-initial-block-size-worker=262144"
    "memorysetup-temp-allocator-size-background-worker=32768"
    "memorysetup-temp-allocator-size-job-worker=262144"
    "memorysetup-temp-allocator-size-preload-manager=33554432"
    "memorysetup-temp-allocator-size-nav-mesh-worker=65536"
    "memorysetup-temp-allocator-size-audio-worker=65536"
    "memorysetup-temp-allocator-size-cloud-worker=32768"
    "memorysetup-temp-allocator-size-gi-baking-worker=262144"
    "memorysetup-temp-allocator-size-gfx=262144"
Player connection [23144] Host "[IP] 192.168.1.188 [Port] 0 [Flags] 2 [Guid] 1866441949 [EditorId] 1866441949 [Version] 1048832 [Id] WindowsEditor(7,Gustavo) [Debug] 1 [PackageName] WindowsEditor [ProjectName] Editor" joined multi-casting on [225.0.0.222:54997]...

Player connection [23144] Host "[IP] 192.168.1.188 [Port] 0 [Flags] 2 [Guid] 1866441949 [EditorId] 1866441949 [Version] 1048832 [Id] WindowsEditor(7,Gustavo) [Debug] 1 [PackageName] WindowsEditor [ProjectName] Editor" joined alternative multi-casting on [225.0.0.222:34997]...

[Physics::Module] Initialized MultithreadedJobDispatcher with 15 workers.
Refreshing native plugins compatible for Editor in 13.54 ms, found 3 plugins.
Preloading 0 native plugins for Editor in 0.00 ms.
Initialize engine version: 2022.3.17f1 (4fc78088f837)
[Subsystems] Discovering subsystems at path C:/Program Files/Unity/Hub/Editor/2022.3.17f1/Editor/Data/Resources/UnitySubsystems
[Subsystems] Discovering subsystems at path C:/Users/gusta/OneDrive/Documentos/GitHub/ProceduralWorld/ProceduralWorld/Assets
GfxDevice: creating device client; threaded=0; jobified=0
Direct3D:
    Version:  Direct3D 11.0 [level 11.1]
    Renderer: NVIDIA GeForce RTX 3060 Laptop GPU (ID=0x2560)
    Vendor:   NVIDIA
    VRAM:     6010 MB
    Driver:   31.0.15.4680
Initialize mono
Mono path[0] = 'C:/Program Files/Unity/Hub/Editor/2022.3.17f1/Editor/Data/Managed'
Mono path[1] = 'C:/Program Files/Unity/Hub/Editor/2022.3.17f1/Editor/Data/MonoBleedingEdge/lib/mono/unityjit-win32'
Mono config path = 'C:/Program Files/Unity/Hub/Editor/2022.3.17f1/Editor/Data/MonoBleedingEdge/etc'
Using monoOptions --debugger-agent=transport=dt_socket,embedding=1,server=y,suspend=n,address=127.0.0.1:56772
Begin MonoManager ReloadAssembly
Registering precompiled unity dll's ...
Register platform support module: C:/Program Files/Unity/Hub/Editor/2022.3.17f1/Editor/Data/PlaybackEngines/AndroidPlayer/UnityEditor.Android.Extensions.dll
Register platform support module: C:/Program Files/Unity/Hub/Editor/2022.3.17f1/Editor/Data/PlaybackEngines/WindowsStandaloneSupport/UnityEditor.WindowsStandalone.Extensions.dll
Registered in 0.008633 seconds.
- Loaded All Assemblies, in  0.780 seconds
Native extension for WindowsStandalone target not found
Native extension for Android target not found
Android Extension - Scanning For ADB Devices 340 ms
Mono: successfully reloaded assembly
- Finished resetting the current domain, in  0.824 seconds
Domain Reload Profiling: 1602ms
	BeginReloadAssembly (105ms)
		ExecutionOrderSort (0ms)
		DisableScriptedObjects (0ms)
		BackupInstance (0ms)
		ReleaseScriptingObjects (0ms)
		CreateAndSetChildDomain (1ms)
	RebuildCommonClasses (31ms)
	RebuildNativeTypeToScriptingClass (10ms)
	initialDomainReloadingComplete (58ms)
	LoadAllAssembliesAndSetupDomain (573ms)
		LoadAssemblies (104ms)
		RebuildTransferFunctionScriptingTraits (0ms)
		AnalyzeDomain (570ms)
			TypeCache.Refresh (569ms)
				TypeCache.ScanAssembly (556ms)
			ScanForSourceGeneratedMonoScriptInfo (0ms)
			ResolveRequiredComponents (0ms)
	FinalizeReload (825ms)
		ReleaseScriptCaches (0ms)
		RebuildScriptCaches (0ms)
		SetupLoadedEditorAssemblies (764ms)
			LogAssemblyErrors (0ms)
			InitializePlatformSupportModulesInManaged (583ms)
			SetLoadedEditorAssemblies (4ms)
			RefreshPlugins (0ms)
			BeforeProcessingInitializeOnLoad (2ms)
			ProcessInitializeOnLoadAttributes (128ms)
			ProcessInitializeOnLoadMethodAttributes (47ms)
			AfterProcessingInitializeOnLoad (0ms)
			EditorAssembliesLoaded (0ms)
		ExecutionOrderSort2 (0ms)
		AwakeInstancesAfterBackupRestoration (0ms)
========================================================================
Worker process is ready to serve import requests
Begin MonoManager ReloadAssembly
- Loaded All Assemblies, in  6.653 seconds
Refreshing native plugins compatible for Editor in 5.07 ms, found 3 plugins.
Native extension for WindowsStandalone target not found
Native extension for Android target not found
Package Manager log level set to [2]
[Package Manager] Server::EnsureServerProcessIsRunning -- launch failed, reason: Unity was launched with the -noUpm command-line argument
[Package Manager] UpmClient::Send -- Unable to send message (not connected to UPM process).
[Package Manager] Cannot connect to Unity Package Manager local server
Mono: successfully reloaded assembly
- Finished resetting the current domain, in  1.067 seconds
Domain Reload Profiling: 7712ms
	BeginReloadAssembly (146ms)
		ExecutionOrderSort (0ms)
		DisableScriptedObjects (5ms)
		BackupInstance (0ms)
		ReleaseScriptingObjects (0ms)
		CreateAndSetChildDomain (26ms)
	RebuildCommonClasses (32ms)
	RebuildNativeTypeToScriptingClass (11ms)
	initialDomainReloadingComplete (51ms)
	LoadAllAssembliesAndSetupDomain (6404ms)
		LoadAssemblies (5813ms)
		RebuildTransferFunctionScriptingTraits (0ms)
		AnalyzeDomain (675ms)
			TypeCache.Refresh (638ms)
				TypeCache.ScanAssembly (578ms)
			ScanForSourceGeneratedMonoScriptInfo (27ms)
			ResolveRequiredComponents (8ms)
	FinalizeReload (1067ms)
		ReleaseScriptCaches (0ms)
		RebuildScriptCaches (0ms)
		SetupLoadedEditorAssemblies (909ms)
			LogAssemblyErrors (0ms)
			InitializePlatformSupportModulesInManaged (24ms)
			SetLoadedEditorAssemblies (2ms)
			RefreshPlugins (0ms)
			BeforeProcessingInitializeOnLoad (70ms)
			ProcessInitializeOnLoadAttributes (737ms)
			ProcessInitializeOnLoadMethodAttributes (67ms)
			AfterProcessingInitializeOnLoad (8ms)
			EditorAssembliesLoaded (0ms)
		ExecutionOrderSort2 (0ms)
		AwakeInstancesAfterBackupRestoration (5ms)
Launched and connected shader compiler UnityShaderCompiler.exe after 0.05 seconds
Refreshing native plugins compatible for Editor in 7.13 ms, found 3 plugins.
Preloading 0 native plugins for Editor in 0.00 ms.
Unloading 4936 Unused Serialized files (Serialized files now loaded: 0)
Unloading 75 unused Assets / (0.8 MB). Loaded Objects now: 5390.
Memory consumption went from 208.1 MB to 207.4 MB.
Total: 4.212500 ms (FindLiveObjects: 0.383700 ms CreateObjectMapping: 0.377300 ms MarkObjects: 3.064000 ms  DeleteObjects: 0.386600 ms)

AssetImportParameters requested are different than current active one (requested -> active):
  custom:container-demuxer-ogg: 62fdf1f143b41e24485cea50d1cbac27 -> 
  custom:video-codec-MediaFoundation-h265: 746d11721c4dcdbdad8f713fa42b33f4 -> 
  custom:video-decoder-ogg-theora: a1e56fd34408186e4bbccfd4996cb3dc -> 
  custom:framework-win-MediaFoundation: 216162199b28c13a410421893ffa2e32 -> 
  custom:CustomObjectIndexerAttribute: 62b5816608c3102f162a1797e29626cf -> 
  custom:container-demuxer-webm: 4f35f7cbe854078d1ac9338744f61a02 -> 
  custom:container-muxer-webm: aa71ff27fc2769a1b78a27578f13a17b -> 
  custom:video-decoder-webm-vp8: 9c59270c3fd7afecdb556c50c9e8de78 -> 
  custom:SearchIndexIgnoredProperties: e643bd26f0fe6173181afceb89e7c659 -> 
  custom:AudioImporter_EditorPlatform: d09bf68614088b80899f8185d706f6e7 -> 
  custom:video-encoder-webm-vp8: eb34c28f22e8b96e1ab97ce403110664 -> 
  custom:audio-decoder-ogg-vorbis: bf7c407c2cedff20999df2af8eb42d56 -> 
  custom:audio-encoder-webm-vorbis: bf7c407c2cedff20999df2af8eb42d56 -> 
========================================================================
Received Import Request.
  Time since last request: 361046.588057 seconds.
  path: Assets/polygonTrees/polygonTrees/models/modelsWithLods/rocks/blackRockL/naturalMaterial/blackRockMaterialN.mat
  artifactKey: Guid(bf625161a7897b4c9b8de2a21cf5b09c) Importer(815301076,1909f56bfc062723c751e8b465ee728b)
Start importing Assets/polygonTrees/polygonTrees/models/modelsWithLods/rocks/blackRockL/naturalMaterial/blackRockMaterialN.mat using Guid(bf625161a7897b4c9b8de2a21cf5b09c) Importer(815301076,1909f56bfc062723c751e8b465ee728b)  -> (artifact id: '1ab9fd357d12b0c0fe02981cb255dae9') in 0.325977 seconds
Number of updated asset objects reloaded before import = 0
Number of asset objects unloaded after import = 3
========================================================================
Received Import Request.
  Time since last request: 0.000038 seconds.
  path: Assets/polygonTrees/polygonTrees/models/modelsWithLods/dryBranches/dryBranchesL/editableMaterial/deadTreeMaterial.mat
  artifactKey: Guid(ff4932141d8edb264a6039b89e750ac8) Importer(815301076,1909f56bfc062723c751e8b465ee728b)
Start importing Assets/polygonTrees/polygonTrees/models/modelsWithLods/dryBranches/dryBranchesL/editableMaterial/deadTreeMaterial.mat using Guid(ff4932141d8edb264a6039b89e750ac8) Importer(815301076,1909f56bfc062723c751e8b465ee728b)  -> (artifact id: '110283d9bbcd60a0daffe6a19b76c4c3') in 0.029312 seconds
Number of updated asset objects reloaded before import = 0
Number of asset objects unloaded after import = 2
========================================================================
Received Import Request.
  Time since last request: 0.000023 seconds.
  path: Assets/polygonTrees/polygonTrees/models/modelsWithLods/dryTree/dryBigLeavesTreeL/naturalMaterial/TreeMaterial.mat
  artifactKey: Guid(bd2f89986137061708852f9b350f933a) Importer(815301076,1909f56bfc062723c751e8b465ee728b)
Start importing Assets/polygonTrees/polygonTrees/models/modelsWithLods/dryTree/dryBigLeavesTreeL/naturalMaterial/TreeMaterial.mat using Guid(bd2f89986137061708852f9b350f933a) Importer(815301076,1909f56bfc062723c751e8b465ee728b)  -> (artifact id: 'a6d707ccc2c74eb7d72986b06197d2a5') in 0.027510 seconds
Number of updated asset objects reloaded before import = 0
Number of asset objects unloaded after import = 2
========================================================================
Received Import Request.
  Time since last request: 0.000022 seconds.
  path: Assets/polygonTrees/polygonTrees/models/modelsWithLods/shrub/shrubL/editableMaterial/shrubMaterial.mat
  artifactKey: Guid(c38d20f16b595f9039dfa7f65cb53878) Importer(815301076,1909f56bfc062723c751e8b465ee728b)
Start importing Assets/polygonTrees/polygonTrees/models/modelsWithLods/shrub/shrubL/editableMaterial/shrubMaterial.mat using Guid(c38d20f16b595f9039dfa7f65cb53878) Importer(815301076,1909f56bfc062723c751e8b465ee728b)  -> (artifact id: '014d27a658e6b1eb52e6ed94e8b2aa43') in 0.012531 seconds
Number of updated asset objects reloaded before import = 0
Number of asset objects unloaded after import = 2
========================================================================
Received Import Request.
  Time since last request: 0.000024 seconds.
  path: Assets/polygonTrees/polygonTrees/models/modelsWithLods/dryTree/drySimpleTreeL/naturalMaterial/treeMaterialN.mat
  artifactKey: Guid(7347ad51b4a98241f8bee1e15afa0ef1) Importer(815301076,1909f56bfc062723c751e8b465ee728b)
Start importing Assets/polygonTrees/polygonTrees/models/modelsWithLods/dryTree/drySimpleTreeL/naturalMaterial/treeMaterialN.mat using Guid(7347ad51b4a98241f8bee1e15afa0ef1) Importer(815301076,1909f56bfc062723c751e8b465ee728b)  -> (artifact id: '64df182e4b16690f1f0e71846d62e601') in 0.008785 seconds
Number of updated asset objects reloaded before import = 0
Number of asset objects unloaded after import = 2
========================================================================
Received Import Request.
  Time since last request: 0.000019 seconds.
  path: Assets/polygonTrees/polygonTrees/models/modelsWithLods/shrub/bigLeavesShrubsL/editableMaterial/shrubsMaterial.mat
  artifactKey: Guid(9d713c87577f01ea89b6407f2ead476e) Importer(815301076,1909f56bfc062723c751e8b465ee728b)
Start importing Assets/polygonTrees/polygonTrees/models/modelsWithLods/shrub/bigLeavesShrubsL/editableMaterial/shrubsMaterial.mat using Guid(9d713c87577f01ea89b6407f2ead476e) Importer(815301076,1909f56bfc062723c751e8b465ee728b)  -> (artifact id: '940788947fdb750cbfc3adc2f37e7a04') in 0.008891 seconds
Number of updated asset objects reloaded before import = 0
Number of asset objects unloaded after import = 2
========================================================================
Received Import Request.
  Time since last request: 0.000021 seconds.
  path: Assets/polygonTrees/polygonTrees/models/modelsWithLods/rocks/rockL/editableMaterial/rockMaterial.mat
  artifactKey: Guid(becee20b7202ad31092291e9f86d6467) Importer(815301076,1909f56bfc062723c751e8b465ee728b)
Start importing Assets/polygonTrees/polygonTrees/models/modelsWithLods/rocks/rockL/editableMaterial/rockMaterial.mat using Guid(becee20b7202ad31092291e9f86d6467) Importer(815301076,1909f56bfc062723c751e8b465ee728b)  -> (artifact id: 'f63d29529c7ac1ff52e70cd070b211cf') in 0.019755 seconds
Number of updated asset objects reloaded before import = 0
Number of asset objects unloaded after import = 2
========================================================================
Received Import Request.
  Time since last request: 0.000022 seconds.
  path: Assets/polygonTrees/polygonTrees/models/modelsWithLods/dryTree/dryTreeL/naturalMaterial/treeMaterialN.mat
  artifactKey: Guid(89df81665e948830d86d96376fa26715) Importer(815301076,1909f56bfc062723c751e8b465ee728b)
Start importing Assets/polygonTrees/polygonTrees/models/modelsWithLods/dryTree/dryTreeL/naturalMaterial/treeMaterialN.mat using Guid(89df81665e948830d86d96376fa26715) Importer(815301076,1909f56bfc062723c751e8b465ee728b)  -> (artifact id: 'f9d1ae186422a1e98455b9b5017d02f3') in 0.023402 seconds
Number of updated asset objects reloaded before import = 0
Number of asset objects unloaded after import = 2
========================================================================
Received Import Request.
  Time since last request: 0.000022 seconds.
  path: Assets/polygonTrees/polygonTrees/models/modelsWithLods/rocks/rockL/naturalMaterial/rockMaterialN.mat
  artifactKey: Guid(20a5d8224abaccdb3875c88c4a05c650) Importer(815301076,1909f56bfc062723c751e8b465ee728b)
Start importing Assets/polygonTrees/polygonTrees/models/modelsWithLods/rocks/rockL/naturalMaterial/rockMaterialN.mat using Guid(20a5d8224abaccdb3875c88c4a05c650) Importer(815301076,1909f56bfc062723c751e8b465ee728b)  -> (artifact id: '3fafacb1b62dd1bc537237ee5c2ccb15') in 0.044621 seconds
Number of updated asset objects reloaded before import = 0
Number of asset objects unloaded after import = 2
========================================================================
Received Import Request.
  Time since last request: 0.000025 seconds.
  path: Assets/polygonTrees/polygonTrees/models/modelsWithLods/dryTree/dryFallenBranchesTreeL/editableMaterial/treeMaterial.mat
  artifactKey: Guid(5baf0f84a4be1ac6bb4d7562baea6d33) Importer(815301076,1909f56bfc062723c751e8b465ee728b)
Start importing Assets/polygonTrees/polygonTrees/models/modelsWithLods/dryTree/dryFallenBranchesTreeL/editableMaterial/treeMaterial.mat using Guid(5baf0f84a4be1ac6bb4d7562baea6d33) Importer(815301076,1909f56bfc062723c751e8b465ee728b)  -> (artifact id: '40344628458b75b041cff598fbaf7416') in 0.017062 seconds
Number of updated asset objects reloaded before import = 0
Number of asset objects unloaded after import = 2
========================================================================
Received Import Request.
  Time since last request: 0.000026 seconds.
  path: Assets/polygonTrees/polygonTrees/models/modelsWithLods/dryBranches/dryBranchesL/naturalMaterial/deadTreeMaterialN.mat
  artifactKey: Guid(0e346cecc4919538d88f761d1387e664) Importer(815301076,1909f56bfc062723c751e8b465ee728b)
Start importing Assets/polygonTrees/polygonTrees/models/modelsWithLods/dryBranches/dryBranchesL/naturalMaterial/deadTreeMaterialN.mat using Guid(0e346cecc4919538d88f761d1387e664) Importer(815301076,1909f56bfc062723c751e8b465ee728b)  -> (artifact id: '0c86f0158583a77469cbbf97c35f97a3') in 0.015836 seconds
Number of updated asset objects reloaded before import = 0
Number of asset objects unloaded after import = 2
========================================================================
Received Import Request.
  Time since last request: 0.000017 seconds.
  path: Assets/polygonTrees/polygonTrees/models/modelsWithLods/shrub/littleLeavesShrubL/editableMaterial/leavesMaterial.mat
  artifactKey: Guid(1179a907b74c98893b47ab37f4525abd) Importer(815301076,1909f56bfc062723c751e8b465ee728b)
Start importing Assets/polygonTrees/polygonTrees/models/modelsWithLods/shrub/littleLeavesShrubL/editableMaterial/leavesMaterial.mat using Guid(1179a907b74c98893b47ab37f4525abd) Importer(815301076,1909f56bfc062723c751e8b465ee728b)  -> (artifact id: '4da563df510c0d182ad6b7249a201d4a') in 0.028165 seconds
Number of updated asset objects reloaded before import = 0
Number of asset objects unloaded after import = 2
========================================================================
Received Import Request.
  Time since last request: 8.035286 seconds.
  path: Assets/polygonTrees/polygonTrees/models/modelsWithLods/shrub/shrubL/naturalMaterial/leavesMaterialN.mat
  artifactKey: Guid(4559ae9a879a77bfebd5d259f65d32b8) Importer(815301076,1909f56bfc062723c751e8b465ee728b)
Start importing Assets/polygonTrees/polygonTrees/models/modelsWithLods/shrub/shrubL/naturalMaterial/leavesMaterialN.mat using Guid(4559ae9a879a77bfebd5d259f65d32b8) Importer(815301076,1909f56bfc062723c751e8b465ee728b)  -> (artifact id: '75d739119b44f3f9ac085ef265bc1140') in 0.034943 seconds
Number of updated asset objects reloaded before import = 0
Number of asset objects unloaded after import = 2
========================================================================
Received Import Request.
  Time since last request: 0.000665 seconds.
  path: Assets/polygonTrees/polygonTrees/models/modelsWithLods/trees/fallenBranchesTreeL/editableMaterial/leavesMaterial.mat
  artifactKey: Guid(3d113170c2575c05092ff47bd67a7b22) Importer(815301076,1909f56bfc062723c751e8b465ee728b)
Start importing Assets/polygonTrees/polygonTrees/models/modelsWithLods/trees/fallenBranchesTreeL/editableMaterial/leavesMaterial.mat using Guid(3d113170c2575c05092ff47bd67a7b22) Importer(815301076,1909f56bfc062723c751e8b465ee728b)  -> (artifact id: '9e99fe64665bf0573fece29d8e15a436') in 0.007438 seconds
Number of updated asset objects reloaded before import = 0
Number of asset objects unloaded after import = 2
========================================================================
Received Import Request.
  Time since last request: 0.032957 seconds.
  path: Assets/polygonTrees/polygonTrees/models/modelsWithLods/trees/fallenBranchesTreeL/naturalMaterial/treeMaterialN.mat
  artifactKey: Guid(859bc63174e9d3b1495c0b2bef7cb8cf) Importer(815301076,1909f56bfc062723c751e8b465ee728b)
Start importing Assets/polygonTrees/polygonTrees/models/modelsWithLods/trees/fallenBranchesTreeL/naturalMaterial/treeMaterialN.mat using Guid(859bc63174e9d3b1495c0b2bef7cb8cf) Importer(815301076,1909f56bfc062723c751e8b465ee728b)  -> (artifact id: '8e045f89b522f78ec0bef22ad1861c64') in 0.007596 seconds
Number of updated asset objects reloaded before import = 0
Number of asset objects unloaded after import = 2
========================================================================
Received Import Request.
  Time since last request: 0.000289 seconds.
  path: Assets/polygonTrees/polygonTrees/models/modelsWithLods/trees/purpleTreeL/editableMaterial/TreeMaterial.mat
  artifactKey: Guid(bd6ebc51b46cd45828e900cd39022151) Importer(815301076,1909f56bfc062723c751e8b465ee728b)
Start importing Assets/polygonTrees/polygonTrees/models/modelsWithLods/trees/purpleTreeL/editableMaterial/TreeMaterial.mat using Guid(bd6ebc51b46cd45828e900cd39022151) Importer(815301076,1909f56bfc062723c751e8b465ee728b)  -> (artifact id: '975af95890899995eadc4ec34df5dbaa') in 0.007591 seconds
Number of updated asset objects reloaded before import = 0
Number of asset objects unloaded after import = 2
========================================================================
Received Import Request.
  Time since last request: 0.000232 seconds.
  path: Assets/polygonTrees/polygonTrees/models/modelsWithLods/trees/purpleTreeL/naturalMaterial/TreeMaterial.mat
  artifactKey: Guid(ed47b9635f4db2e12829f7923f19d0a3) Importer(815301076,1909f56bfc062723c751e8b465ee728b)
Start importing Assets/polygonTrees/polygonTrees/models/modelsWithLods/trees/purpleTreeL/naturalMaterial/TreeMaterial.mat using Guid(ed47b9635f4db2e12829f7923f19d0a3) Importer(815301076,1909f56bfc062723c751e8b465ee728b)  -> (artifact id: 'db7f164f03d5d2d419d9b1a24a0e4b16') in 0.007667 seconds
Number of updated asset objects reloaded before import = 0
Number of asset objects unloaded after import = 2
========================================================================
Received Import Request.
  Time since last request: 0.006725 seconds.
  path: Assets/polygonTrees/polygonTrees/models/modelsWithLods/trees/simpleTreeL/naturalMaterial/leavesMaterialN.mat
  artifactKey: Guid(0bc823c32ff39babdb51d9c01b32385d) Importer(815301076,1909f56bfc062723c751e8b465ee728b)
Start importing Assets/polygonTrees/polygonTrees/models/modelsWithLods/trees/simpleTreeL/naturalMaterial/leavesMaterialN.mat using Guid(0bc823c32ff39babdb51d9c01b32385d) Importer(815301076,1909f56bfc062723c751e8b465ee728b)  -> (artifact id: 'cb15e477d8d720e81b4da28b1cb1af28') in 0.007402 seconds
Number of updated asset objects reloaded before import = 0
Number of asset objects unloaded after import = 2
========================================================================
Received Import Request.
  Time since last request: 0.000724 seconds.
  path: Assets/polygonTrees/polygonTrees/models/modelsWithLods/trees/tree1L/editableMaterial/leavesMaterial.mat
  artifactKey: Guid(a93e10294dd069d1e90e0d1b02084845) Importer(815301076,1909f56bfc062723c751e8b465ee728b)
Start importing Assets/polygonTrees/polygonTrees/models/modelsWithLods/trees/tree1L/editableMaterial/leavesMaterial.mat using Guid(a93e10294dd069d1e90e0d1b02084845) Importer(815301076,1909f56bfc062723c751e8b465ee728b)  -> (artifact id: 'df58757e33b975ff21e03deff28e0b28') in 0.007504 seconds
Number of updated asset objects reloaded before import = 0
Number of asset objects unloaded after import = 2
========================================================================
Received Import Request.
  Time since last request: 0.006084 seconds.
  path: Assets/polygonTrees/polygonTrees/models/modelsWithLods/trees/tree1L/naturalMaterial/treeMaterialN.mat
  artifactKey: Guid(d78827ab19c063e399bb98b18b5ac58d) Importer(815301076,1909f56bfc062723c751e8b465ee728b)
Start importing Assets/polygonTrees/polygonTrees/models/modelsWithLods/trees/tree1L/naturalMaterial/treeMaterialN.mat using Guid(d78827ab19c063e399bb98b18b5ac58d) Importer(815301076,1909f56bfc062723c751e8b465ee728b)  -> (artifact id: '8cd70056af334fc8907f210c55804c5c') in 0.007208 seconds
Number of updated asset objects reloaded before import = 0
Number of asset objects unloaded after import = 2
========================================================================
Received Import Request.
  Time since last request: 0.000052 seconds.
  path: Assets/polygonTrees/polygonTrees/models/rocks/redRock/editableMAterial/redRockMaterial.mat
  artifactKey: Guid(7ac5b612a5fcae30897c8ae078f1143e) Importer(815301076,1909f56bfc062723c751e8b465ee728b)
Start importing Assets/polygonTrees/polygonTrees/models/rocks/redRock/editableMAterial/redRockMaterial.mat using Guid(7ac5b612a5fcae30897c8ae078f1143e) Importer(815301076,1909f56bfc062723c751e8b465ee728b)  -> (artifact id: '2e696b54b55d7e84bf4ab7cb5c6a3d87') in 0.006879 seconds
Number of updated asset objects reloaded before import = 0
Number of asset objects unloaded after import = 2
========================================================================
Received Import Request.
  Time since last request: 0.000733 seconds.
  path: Assets/polygonTrees/polygonTrees/models/shrubs/bigLeavesShrubs/editableMaterials/leavesMaterial.mat
  artifactKey: Guid(659a034a295888535b056b266ae23989) Importer(815301076,1909f56bfc062723c751e8b465ee728b)
Start importing Assets/polygonTrees/polygonTrees/models/shrubs/bigLeavesShrubs/editableMaterials/leavesMaterial.mat using Guid(659a034a295888535b056b266ae23989) Importer(815301076,1909f56bfc062723c751e8b465ee728b)  -> (artifact id: '48cad78dea508fdf0f9123de1e2521e9') in 0.007590 seconds
Number of updated asset objects reloaded before import = 0
Number of asset objects unloaded after import = 2
========================================================================
Received Import Request.
  Time since last request: 0.007323 seconds.
  path: Assets/polygonTrees/polygonTrees/models/shrubs/littleLeavesShrub/editableMaterials/shrubMaterial.mat
  artifactKey: Guid(c25517ee5a76f09549ca2824ff138bd4) Importer(815301076,1909f56bfc062723c751e8b465ee728b)
Start importing Assets/polygonTrees/polygonTrees/models/shrubs/littleLeavesShrub/editableMaterials/shrubMaterial.mat using Guid(c25517ee5a76f09549ca2824ff138bd4) Importer(815301076,1909f56bfc062723c751e8b465ee728b)  -> (artifact id: '03f8588cf78e0de8b3eafa4d3e1ca903') in 0.010105 seconds
Number of updated asset objects reloaded before import = 0
Number of asset objects unloaded after import = 2
========================================================================
Received Import Request.
  Time since last request: 0.004264 seconds.
  path: Assets/polygonTrees/polygonTrees/models/trees/deadTrees/dryBigLeavesTree/editableMAterial/TreeMaterial.mat
  artifactKey: Guid(700550ff96aeb4b95b27ff24e7a9e5a6) Importer(815301076,1909f56bfc062723c751e8b465ee728b)
Start importing Assets/polygonTrees/polygonTrees/models/trees/deadTrees/dryBigLeavesTree/editableMAterial/TreeMaterial.mat using Guid(700550ff96aeb4b95b27ff24e7a9e5a6) Importer(815301076,1909f56bfc062723c751e8b465ee728b)  -> (artifact id: '6f1e2901119ef4eae14a1d455cefec28') in 0.008384 seconds
Number of updated asset objects reloaded before import = 0
Number of asset objects unloaded after import = 2
========================================================================
Received Import Request.
  Time since last request: 0.006731 seconds.
  path: Assets/polygonTrees/polygonTrees/models/trees/deadTrees/drySimpleTree/editableMaterial/treeMaterial.mat
  artifactKey: Guid(bf39d45ea2c7eaa25b40eb2e2543c16d) Importer(815301076,1909f56bfc062723c751e8b465ee728b)
Start importing Assets/polygonTrees/polygonTrees/models/trees/deadTrees/drySimpleTree/editableMaterial/treeMaterial.mat using Guid(bf39d45ea2c7eaa25b40eb2e2543c16d) Importer(815301076,1909f56bfc062723c751e8b465ee728b)  -> (artifact id: '7d5620a6fc477e1168f8fb4b82451b67') in 0.027298 seconds
Number of updated asset objects reloaded before import = 0
Number of asset objects unloaded after import = 2
========================================================================
Received Import Request.
  Time since last request: 0.017102 seconds.
  path: Assets/polygonTrees/polygonTrees/models/trees/trees/bigLeavesTree/editableMaterials/leavesMaterial.mat
  artifactKey: Guid(66437b4c7b3af3279bbb8e06d605beed) Importer(815301076,1909f56bfc062723c751e8b465ee728b)
Start importing Assets/polygonTrees/polygonTrees/models/trees/trees/bigLeavesTree/editableMaterials/leavesMaterial.mat using Guid(66437b4c7b3af3279bbb8e06d605beed) Importer(815301076,1909f56bfc062723c751e8b465ee728b)  -> (artifact id: 'e8bc25ebc0b6a7474cb1bdfc908dcce5') in 0.008455 seconds
Number of updated asset objects reloaded before import = 0
Number of asset objects unloaded after import = 2
========================================================================
Received Import Request.
  Time since last request: 0.005920 seconds.
  path: Assets/polygonTrees/polygonTrees/models/trees/trees/fallenBranchesTree/editableMaterial/treeMaterial.mat
  artifactKey: Guid(d419757e99341f882906d71e95a69d77) Importer(815301076,1909f56bfc062723c751e8b465ee728b)
Start importing Assets/polygonTrees/polygonTrees/models/trees/trees/fallenBranchesTree/editableMaterial/treeMaterial.mat using Guid(d419757e99341f882906d71e95a69d77) Importer(815301076,1909f56bfc062723c751e8b465ee728b)  -> (artifact id: '8863b8206afaba7e3da0dffaf58d299d') in 0.007586 seconds
Number of updated asset objects reloaded before import = 0
Number of asset objects unloaded after import = 2
========================================================================
Received Import Request.
  Time since last request: 0.006737 seconds.
  path: Assets/polygonTrees/polygonTrees/models/trees/trees/simpleTree/editableMaterials/leavesMaterial.mat
  artifactKey: Guid(967a819c2e61bf0fc8defd81721d5887) Importer(815301076,1909f56bfc062723c751e8b465ee728b)
Start importing Assets/polygonTrees/polygonTrees/models/trees/trees/simpleTree/editableMaterials/leavesMaterial.mat using Guid(967a819c2e61bf0fc8defd81721d5887) Importer(815301076,1909f56bfc062723c751e8b465ee728b)  -> (artifact id: '151c00843868b8ee541bcb44fcd46d59') in 0.007567 seconds
Number of updated asset objects reloaded before import = 0
Number of asset objects unloaded after import = 2
========================================================================
Received Import Request.
  Time since last request: 0.005731 seconds.
  path: Assets/polygonTrees/polygonTrees/models/trees/trees/tree/editableMaterial/treeMaterial.mat
  artifactKey: Guid(d75bd6a5a32a51369ad7be6de5d0d050) Importer(815301076,1909f56bfc062723c751e8b465ee728b)
Start importing Assets/polygonTrees/polygonTrees/models/trees/trees/tree/editableMaterial/treeMaterial.mat using Guid(d75bd6a5a32a51369ad7be6de5d0d050) Importer(815301076,1909f56bfc062723c751e8b465ee728b)  -> (artifact id: '150497eb1082f043e66e61c0540e22d9') in 0.016806 seconds
Number of updated asset objects reloaded before import = 0
Number of asset objects unloaded after import = 2
========================================================================
Received Import Request.
  Time since last request: 87.756882 seconds.
  path: Assets/polygonTrees/polygonTrees/models/dryBranch
  artifactKey: Guid(45ad2698972b31c6d9789ee68d44bbf1) Importer(815301076,1909f56bfc062723c751e8b465ee728b)
Start importing Assets/polygonTrees/polygonTrees/models/dryBranch using Guid(45ad2698972b31c6d9789ee68d44bbf1) Importer(815301076,1909f56bfc062723c751e8b465ee728b)  -> (artifact id: '440f572d0414ba4fb877922ae7edab05') in 0.000733 seconds
Number of updated asset objects reloaded before import = 0
Number of asset objects unloaded after import = 0
========================================================================
Received Import Request.
  Time since last request: 1.000050 seconds.
  path: Assets/polygonTrees/polygonTrees/models/dryBranch/deadTree
  artifactKey: Guid(084dd91a53d26a1698a9282fbfdcde82) Importer(815301076,1909f56bfc062723c751e8b465ee728b)
Start importing Assets/polygonTrees/polygonTrees/models/dryBranch/deadTree using Guid(084dd91a53d26a1698a9282fbfdcde82) Importer(815301076,1909f56bfc062723c751e8b465ee728b)  -> (artifact id: '000558094b3706c8d7a7494658dd6d31') in 0.001431 seconds
Number of updated asset objects reloaded before import = 0
Number of asset objects unloaded after import = 0
========================================================================
Received Import Request.
  Time since last request: 0.074722 seconds.
  path: Assets/polygonTrees/polygonTrees/models/dryBranch/deadTree/deadTree.fbx
  artifactKey: Guid(b84ad9daa528734e5930406e445c30fe) Importer(815301076,1909f56bfc062723c751e8b465ee728b)
Start importing Assets/polygonTrees/polygonTrees/models/dryBranch/deadTree/deadTree.fbx using Guid(b84ad9daa528734e5930406e445c30fe) Importer(815301076,1909f56bfc062723c751e8b465ee728b)  -> (artifact id: '92fd7afdfee1524a5fd2ea37df7a814b') in 0.058241 seconds
Number of updated asset objects reloaded before import = 0
Number of asset objects unloaded after import = 9
========================================================================
Received Import Request.
  Time since last request: 4.302676 seconds.
  path: Assets/polygonTrees/polygonTrees/models/dryBranch/deadTree/editableMaterial
  artifactKey: Guid(79a796276941a41e8a157d7a4f6aec97) Importer(815301076,1909f56bfc062723c751e8b465ee728b)
Start importing Assets/polygonTrees/polygonTrees/models/dryBranch/deadTree/editableMaterial using Guid(79a796276941a41e8a157d7a4f6aec97) Importer(815301076,1909f56bfc062723c751e8b465ee728b)  -> (artifact id: '10cc7e6983297059b17eb20df2161457') in 0.000576 seconds
Number of updated asset objects reloaded before import = 0
Number of asset objects unloaded after import = 0
========================================================================
Received Import Request.
  Time since last request: 33.672369 seconds.
  path: Assets/polygonTrees/polygonTrees/models/grass/grass/grass.fbx
  artifactKey: Guid(f8ca77d888ad7c058a3f1ce36ded1aa6) Importer(815301076,1909f56bfc062723c751e8b465ee728b)
Start importing Assets/polygonTrees/polygonTrees/models/grass/grass/grass.fbx using Guid(f8ca77d888ad7c058a3f1ce36ded1aa6) Importer(815301076,1909f56bfc062723c751e8b465ee728b)  -> (artifact id: '0fe630ca140e4bcba8a0b2a35b2e2b69') in 0.036590 seconds
Number of updated asset objects reloaded before import = 0
Number of asset objects unloaded after import = 9
========================================================================
Received Import Request.
  Time since last request: 4.194388 seconds.
  path: Assets/polygonTrees/polygonTrees/models/modelsWithLods/dryBranches/deadTreeL/deadTreeL.fbx
  artifactKey: Guid(2cb5e05b43f80d692a9c2899b398c685) Importer(815301076,1909f56bfc062723c751e8b465ee728b)
Start importing Assets/polygonTrees/polygonTrees/models/modelsWithLods/dryBranches/deadTreeL/deadTreeL.fbx using Guid(2cb5e05b43f80d692a9c2899b398c685) Importer(815301076,1909f56bfc062723c751e8b465ee728b)  -> (artifact id: '4ddfd81874b97a3cff1a61aad4c72d1d') in 0.082705 seconds
Number of updated asset objects reloaded before import = 0
Number of asset objects unloaded after import = 21
========================================================================
Received Import Request.
  Time since last request: 42.371090 seconds.
  path: Assets/polygonTrees/polygonTrees/models/modelsWithLods/dryBranches/deadTreeL/editableMaterial/deadTreeMaterial.mat
  artifactKey: Guid(7ecfb6ee935cccca292f3b84a8dbd6cb) Importer(815301076,1909f56bfc062723c751e8b465ee728b)
Start importing Assets/polygonTrees/polygonTrees/models/modelsWithLods/dryBranches/deadTreeL/editableMaterial/deadTreeMaterial.mat using Guid(7ecfb6ee935cccca292f3b84a8dbd6cb) Importer(815301076,1909f56bfc062723c751e8b465ee728b)  -> (artifact id: 'e8a1f4029a8792f57b7c05c13f24b6dc') in 0.007057 seconds
Number of updated asset objects reloaded before import = 0
Number of asset objects unloaded after import = 2
========================================================================
Received Import Request.
  Time since last request: 0.345653 seconds.
  path: Assets/polygonTrees/polygonTrees/models/modelsWithLods/dryBranches/dryBranchesL/dryBranchesL.fbx
  artifactKey: Guid(fb91b7f9b4c80cd8889828202fdfb9e3) Importer(815301076,1909f56bfc062723c751e8b465ee728b)
Start importing Assets/polygonTrees/polygonTrees/models/modelsWithLods/dryBranches/dryBranchesL/dryBranchesL.fbx using Guid(fb91b7f9b4c80cd8889828202fdfb9e3) Importer(815301076,1909f56bfc062723c751e8b465ee728b)  -> (artifact id: '2961a8bfc7091ba0a5ad99ef7d049cba') in 0.047425 seconds
Number of updated asset objects reloaded before import = 0
Number of asset objects unloaded after import = 21
========================================================================
Received Import Request.
  Time since last request: 18.097928 seconds.
  path: Assets/polygonTrees/polygonTrees/models/modelsWithLods/dryTree/dryBigLeavesTreeL/dryBigLeavesTreeL.fbx
  artifactKey: Guid(dd15cb756da825b558472172fd030247) Importer(815301076,1909f56bfc062723c751e8b465ee728b)
Start importing Assets/polygonTrees/polygonTrees/models/modelsWithLods/dryTree/dryBigLeavesTreeL/dryBigLeavesTreeL.fbx using Guid(dd15cb756da825b558472172fd030247) Importer(815301076,1909f56bfc062723c751e8b465ee728b)  -> (artifact id: 'eb1f04f6524119990a4676175b7884f2') in 0.153959 seconds
Number of updated asset objects reloaded before import = 0
Number of asset objects unloaded after import = 21
========================================================================
Received Import Request.
  Time since last request: 5.600820 seconds.
  path: Assets/polygonTrees/polygonTrees/models/modelsWithLods/dryTree/dryPurpleTreeL/dryPurpleTreeL.fbx
  artifactKey: Guid(49c52aa9022901834a6f50b13472da72) Importer(815301076,1909f56bfc062723c751e8b465ee728b)
Start importing Assets/polygonTrees/polygonTrees/models/modelsWithLods/dryTree/dryPurpleTreeL/dryPurpleTreeL.fbx using Guid(49c52aa9022901834a6f50b13472da72) Importer(815301076,1909f56bfc062723c751e8b465ee728b)  -> (artifact id: '3ca080a35cad4f6bb5274851ae3dafb0') in 0.142767 seconds
Number of updated asset objects reloaded before import = 0
Number of asset objects unloaded after import = 21
========================================================================
Received Import Request.
  Time since last request: 15.250920 seconds.
  path: Assets/polygonTrees/polygonTrees/models/modelsWithLods/dryTree/drySimpleTreeL/drySimpleTreeL.fbx
  artifactKey: Guid(f35b7a1c7e39c6e03bc7a6ab92509bfc) Importer(815301076,1909f56bfc062723c751e8b465ee728b)
Start importing Assets/polygonTrees/polygonTrees/models/modelsWithLods/dryTree/drySimpleTreeL/drySimpleTreeL.fbx using Guid(f35b7a1c7e39c6e03bc7a6ab92509bfc) Importer(815301076,1909f56bfc062723c751e8b465ee728b)  -> (artifact id: 'd88a3a2388a1bdefd1fee9c00861e28c') in 0.072014 seconds
Number of updated asset objects reloaded before import = 0
Number of asset objects unloaded after import = 21
========================================================================
Received Import Request.
  Time since last request: 0.000028 seconds.
  path: Assets/polygonTrees/polygonTrees/models/modelsWithLods/grass/littleGrassL/littleGrassL.fbx
  artifactKey: Guid(87ce77df16da887e3b4dcb495428797f) Importer(815301076,1909f56bfc062723c751e8b465ee728b)
Start importing Assets/polygonTrees/polygonTrees/models/modelsWithLods/grass/littleGrassL/littleGrassL.fbx using Guid(87ce77df16da887e3b4dcb495428797f) Importer(815301076,1909f56bfc062723c751e8b465ee728b)  -> (artifact id: 'c2efc99572f5411a0b7c9fa40a12b24f') in 0.092098 seconds
Number of updated asset objects reloaded before import = 0
Number of asset objects unloaded after import = 21
========================================================================
Received Import Request.
  Time since last request: 0.000028 seconds.
  path: Assets/polygonTrees/polygonTrees/models/modelsWithLods/rocks/redRockL/redRockL.fbx
  artifactKey: Guid(95e88f2a95130ef4ba7cadaebe671869) Importer(815301076,1909f56bfc062723c751e8b465ee728b)
Start importing Assets/polygonTrees/polygonTrees/models/modelsWithLods/rocks/redRockL/redRockL.fbx using Guid(95e88f2a95130ef4ba7cadaebe671869) Importer(815301076,1909f56bfc062723c751e8b465ee728b)  -> (artifact id: '5d957b00442b7ac5960656594fb6159d') in 0.069015 seconds
Number of updated asset objects reloaded before import = 0
Number of asset objects unloaded after import = 21
========================================================================
Received Import Request.
  Time since last request: 0.000018 seconds.
  path: Assets/polygonTrees/polygonTrees/models/modelsWithLods/rocks/rockL/rockL.fbx
  artifactKey: Guid(428ad60f985294eb4b8409283a04b3f1) Importer(815301076,1909f56bfc062723c751e8b465ee728b)
Start importing Assets/polygonTrees/polygonTrees/models/modelsWithLods/rocks/rockL/rockL.fbx using Guid(428ad60f985294eb4b8409283a04b3f1) Importer(815301076,1909f56bfc062723c751e8b465ee728b)  -> (artifact id: '30fd6b7c80a58b256fd119784ea0daa3') in 0.074652 seconds
Number of updated asset objects reloaded before import = 0
Number of asset objects unloaded after import = 21
========================================================================
Received Import Request.
  Time since last request: 0.000020 seconds.
  path: Assets/polygonTrees/polygonTrees/models/modelsWithLods/rocks/blackRockL/blackRockL.fbx
  artifactKey: Guid(204173ea1065547cea01e1550db0974b) Importer(815301076,1909f56bfc062723c751e8b465ee728b)
Start importing Assets/polygonTrees/polygonTrees/models/modelsWithLods/rocks/blackRockL/blackRockL.fbx using Guid(204173ea1065547cea01e1550db0974b) Importer(815301076,1909f56bfc062723c751e8b465ee728b)  -> (artifact id: 'b4cbd24b30b86e36f8c236e9392d9a1a') in 0.067915 seconds
Number of updated asset objects reloaded before import = 0
Number of asset objects unloaded after import = 21
========================================================================
Received Import Request.
  Time since last request: 7.045529 seconds.
  path: Assets/polygonTrees/polygonTrees/models/modelsWithLods/trees/purpleTreeL/purpleTreeL.fbx
  artifactKey: Guid(b3c2b23919fdfff969ab35ad9c5ddb37) Importer(815301076,1909f56bfc062723c751e8b465ee728b)
Start importing Assets/polygonTrees/polygonTrees/models/modelsWithLods/trees/purpleTreeL/purpleTreeL.fbx using Guid(b3c2b23919fdfff969ab35ad9c5ddb37) Importer(815301076,1909f56bfc062723c751e8b465ee728b)  -> (artifact id: '27a5ab511bd5cea29081932b73a252b1') in 0.121978 seconds
Number of updated asset objects reloaded before import = 0
Number of asset objects unloaded after import = 22
========================================================================
Received Import Request.
  Time since last request: 0.318230 seconds.
  path: Assets/polygonTrees/polygonTrees/models/modelsWithLods/trees/tree1L/tree1L.fbx
  artifactKey: Guid(73cef2a46a933fe80aea8f75f4b3caa9) Importer(815301076,1909f56bfc062723c751e8b465ee728b)
Start importing Assets/polygonTrees/polygonTrees/models/modelsWithLods/trees/tree1L/tree1L.fbx using Guid(73cef2a46a933fe80aea8f75f4b3caa9) Importer(815301076,1909f56bfc062723c751e8b465ee728b)  -> (artifact id: 'fa9412d25589c4f36dac2c27a1423bc0') in 0.161031 seconds
Number of updated asset objects reloaded before import = 0
Number of asset objects unloaded after import = 22
========================================================================
Received Import Request.
  Time since last request: 0.030978 seconds.
  path: Assets/polygonTrees/polygonTrees/models/shrubs/littleLeavesShrub/littleLeavesShrub.fbx
  artifactKey: Guid(01aa103a29aa99b7686b9ec61c48fde4) Importer(815301076,1909f56bfc062723c751e8b465ee728b)
Start importing Assets/polygonTrees/polygonTrees/models/shrubs/littleLeavesShrub/littleLeavesShrub.fbx using Guid(01aa103a29aa99b7686b9ec61c48fde4) Importer(815301076,1909f56bfc062723c751e8b465ee728b)  -> (artifact id: '47f8201be9ce8f1b117a46f50fe6c52f') in 0.034907 seconds
Number of updated asset objects reloaded before import = 0
Number of asset objects unloaded after import = 10
========================================================================
Received Import Request.
  Time since last request: 0.013946 seconds.
  path: Assets/polygonTrees/polygonTrees/models/trees/deadTrees/dryFallenBranchesTree/dryFallenBranchesTree.fbx
  artifactKey: Guid(049f54454f82d8835906f0cb01d2a8ba) Importer(815301076,1909f56bfc062723c751e8b465ee728b)
Start importing Assets/polygonTrees/polygonTrees/models/trees/deadTrees/dryFallenBranchesTree/dryFallenBranchesTree.fbx using Guid(049f54454f82d8835906f0cb01d2a8ba) Importer(815301076,1909f56bfc062723c751e8b465ee728b)  -> (artifact id: '172dbf2aefe6d4dd7ab4c7b7bd20353b') in 0.036732 seconds
Number of updated asset objects reloaded before import = 0
Number of asset objects unloaded after import = 9
========================================================================
Received Import Request.
  Time since last request: 0.000026 seconds.
  path: Assets/polygonTrees/polygonTrees/models/trees/deadTrees/drySimpleTree/drySimpleTree.fbx
  artifactKey: Guid(96446aea739513405b3032ea09a7f075) Importer(815301076,1909f56bfc062723c751e8b465ee728b)
Start importing Assets/polygonTrees/polygonTrees/models/trees/deadTrees/drySimpleTree/drySimpleTree.fbx using Guid(96446aea739513405b3032ea09a7f075) Importer(815301076,1909f56bfc062723c751e8b465ee728b)  -> (artifact id: 'f8faef0e94f3488bc120b56b96071094') in 0.029266 seconds
Number of updated asset objects reloaded before import = 0
Number of asset objects unloaded after import = 9
========================================================================
Received Import Request.
  Time since last request: 0.327464 seconds.
  path: Assets/polygonTrees/polygonTrees/models/trees/trees/fallenBranchesTree/fallenBranchesTree.fbx
  artifactKey: Guid(8de141720bc4aa5debd9f47d7cac2db5) Importer(815301076,1909f56bfc062723c751e8b465ee728b)
Start importing Assets/polygonTrees/polygonTrees/models/trees/trees/fallenBranchesTree/fallenBranchesTree.fbx using Guid(8de141720bc4aa5debd9f47d7cac2db5) Importer(815301076,1909f56bfc062723c751e8b465ee728b)  -> (artifact id: '88ef87f9aca6883933e92f31facd3899') in 0.039776 seconds
Number of updated asset objects reloaded before import = 0
Number of asset objects unloaded after import = 10
========================================================================
Received Import Request.
  Time since last request: 0.056596 seconds.
  path: Assets/polygonTrees/polygonTrees/models/trees/trees/tree/tree.fbx
  artifactKey: Guid(f14cb1c1dbd9f186e8c5fffbe4226805) Importer(815301076,1909f56bfc062723c751e8b465ee728b)
Start importing Assets/polygonTrees/polygonTrees/models/trees/trees/tree/tree.fbx using Guid(f14cb1c1dbd9f186e8c5fffbe4226805) Importer(815301076,1909f56bfc062723c751e8b465ee728b)  -> (artifact id: '11fc7b206943ced279d2d60417eddb72') in 0.035272 seconds
Number of updated asset objects reloaded before import = 0
Number of asset objects unloaded after import = 10
========================================================================
Received Prepare
Begin MonoManager ReloadAssembly
- Loaded All Assemblies, in  2.960 seconds
Refreshing native plugins compatible for Editor in 5.41 ms, found 3 plugins.
Native extension for WindowsStandalone target not found
Native extension for Android target not found
[Package Manager] Server::EnsureServerProcessIsRunning -- launch failed, reason: Unity was launched with the -noUpm command-line argument
[Package Manager] UpmClient::Send -- Unable to send message (not connected to UPM process).
[Package Manager] Cannot connect to Unity Package Manager local server
Mono: successfully reloaded assembly
- Finished resetting the current domain, in 19.148 seconds
Domain Reload Profiling: 22104ms
	BeginReloadAssembly (207ms)
		ExecutionOrderSort (0ms)
		DisableScriptedObjects (10ms)
		BackupInstance (0ms)
		ReleaseScriptingObjects (0ms)
		CreateAndSetChildDomain (39ms)
	RebuildCommonClasses (149ms)
	RebuildNativeTypeToScriptingClass (10ms)
	initialDomainReloadingComplete (33ms)
	LoadAllAssembliesAndSetupDomain (2557ms)
		LoadAssemblies (2648ms)
		RebuildTransferFunctionScriptingTraits (0ms)
		AnalyzeDomain (35ms)
			TypeCache.Refresh (7ms)
				TypeCache.ScanAssembly (0ms)
			ScanForSourceGeneratedMonoScriptInfo (19ms)
			ResolveRequiredComponents (9ms)
	FinalizeReload (19148ms)
		ReleaseScriptCaches (0ms)
		RebuildScriptCaches (0ms)
		SetupLoadedEditorAssemblies (571ms)
			LogAssemblyErrors (0ms)
			InitializePlatformSupportModulesInManaged (33ms)
			SetLoadedEditorAssemblies (5ms)
			RefreshPlugins (0ms)
			BeforeProcessingInitializeOnLoad (84ms)
			ProcessInitializeOnLoadAttributes (354ms)
			ProcessInitializeOnLoadMethodAttributes (85ms)
			AfterProcessingInitializeOnLoad (10ms)
			EditorAssembliesLoaded (0ms)
		ExecutionOrderSort2 (0ms)
		AwakeInstancesAfterBackupRestoration (20ms)
Refreshing native plugins compatible for Editor in 12.23 ms, found 3 plugins.
Preloading 0 native plugins for Editor in 0.00 ms.
Unloading 4793 Unused Serialized files (Serialized files now loaded: 0)
Unloading 50 unused Assets / (0.7 MB). Loaded Objects now: 5479.
Memory consumption went from 186.8 MB to 186.1 MB.
Total: 5.149200 ms (FindLiveObjects: 0.626100 ms CreateObjectMapping: 0.243300 ms MarkObjects: 3.926900 ms  DeleteObjects: 0.351500 ms)

Prepare: number of updated asset objects reloaded= 0
AssetImportParameters requested are different than current active one (requested -> active):
  custom:container-demuxer-ogg: 62fdf1f143b41e24485cea50d1cbac27 -> 
  custom:video-codec-MediaFoundation-h265: 746d11721c4dcdbdad8f713fa42b33f4 -> 
  custom:video-decoder-ogg-theora: a1e56fd34408186e4bbccfd4996cb3dc -> 
  custom:framework-win-MediaFoundation: 216162199b28c13a410421893ffa2e32 -> 
  custom:CustomObjectIndexerAttribute: 62b5816608c3102f162a1797e29626cf -> 
  custom:container-demuxer-webm: 4f35f7cbe854078d1ac9338744f61a02 -> 
  custom:container-muxer-webm: aa71ff27fc2769a1b78a27578f13a17b -> 
  custom:video-decoder-webm-vp8: 9c59270c3fd7afecdb556c50c9e8de78 -> 
  custom:SearchIndexIgnoredProperties: e643bd26f0fe6173181afceb89e7c659 -> 
  custom:AudioImporter_EditorPlatform: d09bf68614088b80899f8185d706f6e7 -> 
  custom:video-encoder-webm-vp8: eb34c28f22e8b96e1ab97ce403110664 -> 
  custom:audio-decoder-ogg-vorbis: bf7c407c2cedff20999df2af8eb42d56 -> 
  custom:audio-encoder-webm-vorbis: bf7c407c2cedff20999df2af8eb42d56 -> 
========================================================================
Received Prepare
Begin MonoManager ReloadAssembly
- Loaded All Assemblies, in  2.291 seconds
Refreshing native plugins compatible for Editor in 7.93 ms, found 3 plugins.
Native extension for WindowsStandalone target not found
Native extension for Android target not found
[Package Manager] Server::EnsureServerProcessIsRunning -- launch failed, reason: Unity was launched with the -noUpm command-line argument
[Package Manager] UpmClient::Send -- Unable to send message (not connected to UPM process).
[Package Manager] Cannot connect to Unity Package Manager local server
Mono: successfully reloaded assembly
- Finished resetting the current domain, in 19.126 seconds
Domain Reload Profiling: 21414ms
	BeginReloadAssembly (175ms)
		ExecutionOrderSort (0ms)
		DisableScriptedObjects (4ms)
		BackupInstance (0ms)
		ReleaseScriptingObjects (0ms)
		CreateAndSetChildDomain (39ms)
	RebuildCommonClasses (113ms)
	RebuildNativeTypeToScriptingClass (9ms)
	initialDomainReloadingComplete (30ms)
	LoadAllAssembliesAndSetupDomain (1961ms)
		LoadAssemblies (2042ms)
		RebuildTransferFunctionScriptingTraits (0ms)
		AnalyzeDomain (19ms)
			TypeCache.Refresh (7ms)
				TypeCache.ScanAssembly (0ms)
			ScanForSourceGeneratedMonoScriptInfo (0ms)
			ResolveRequiredComponents (11ms)
	FinalizeReload (19126ms)
		ReleaseScriptCaches (0ms)
		RebuildScriptCaches (0ms)
		SetupLoadedEditorAssemblies (523ms)
			LogAssemblyErrors (0ms)
			InitializePlatformSupportModulesInManaged (27ms)
			SetLoadedEditorAssemblies (5ms)
			RefreshPlugins (0ms)
			BeforeProcessingInitializeOnLoad (81ms)
			ProcessInitializeOnLoadAttributes (326ms)
			ProcessInitializeOnLoadMethodAttributes (75ms)
			AfterProcessingInitializeOnLoad (8ms)
			EditorAssembliesLoaded (0ms)
		ExecutionOrderSort2 (0ms)
		AwakeInstancesAfterBackupRestoration (19ms)
Refreshing native plugins compatible for Editor in 7.23 ms, found 3 plugins.
Preloading 0 native plugins for Editor in 0.00 ms.
Unloading 4793 Unused Serialized files (Serialized files now loaded: 0)
Unloading 50 unused Assets / (0.7 MB). Loaded Objects now: 5483.
Memory consumption went from 188.7 MB to 187.9 MB.
Total: 3.953700 ms (FindLiveObjects: 0.435600 ms CreateObjectMapping: 0.243500 ms MarkObjects: 2.867800 ms  DeleteObjects: 0.404600 ms)

Prepare: number of updated asset objects reloaded= 0
AssetImportParameters requested are different than current active one (requested -> active):
  custom:container-demuxer-ogg: 62fdf1f143b41e24485cea50d1cbac27 -> 
  custom:video-codec-MediaFoundation-h265: 746d11721c4dcdbdad8f713fa42b33f4 -> 
  custom:video-decoder-ogg-theora: a1e56fd34408186e4bbccfd4996cb3dc -> 
  custom:framework-win-MediaFoundation: 216162199b28c13a410421893ffa2e32 -> 
  custom:CustomObjectIndexerAttribute: 62b5816608c3102f162a1797e29626cf -> 
  custom:container-demuxer-webm: 4f35f7cbe854078d1ac9338744f61a02 -> 
  custom:container-muxer-webm: aa71ff27fc2769a1b78a27578f13a17b -> 
  custom:video-decoder-webm-vp8: 9c59270c3fd7afecdb556c50c9e8de78 -> 
  custom:SearchIndexIgnoredProperties: e643bd26f0fe6173181afceb89e7c659 -> 
  custom:AudioImporter_EditorPlatform: d09bf68614088b80899f8185d706f6e7 -> 
  custom:video-encoder-webm-vp8: eb34c28f22e8b96e1ab97ce403110664 -> 
  custom:audio-decoder-ogg-vorbis: bf7c407c2cedff20999df2af8eb42d56 -> 
  custom:audio-encoder-webm-vorbis: bf7c407c2cedff20999df2af8eb42d56 -> 
